<?xml version="1.0" encoding="UTF-8"?>
<testsuite name="org.example.TestWeightHelper" tests="11" skipped="0" failures="0" errors="0" timestamp="2024-07-03T22:08:47" hostname="LAPTOP-NAJHIE92" time="0.009">
  <properties/>
  <testcase name="testCalculateBMI_ValidInput" classname="org.example.TestWeightHelper" time="0.004"/>
  <testcase name="testCalculateBMI_InvalidInput_n1" classname="org.example.TestWeightHelper" time="0.0"/>
  <testcase name="testCalculateBMI_InvalidInput_n2" classname="org.example.TestWeightHelper" time="0.0"/>
  <testcase name="testGetCategory_Underweight" classname="org.example.TestWeightHelper" time="0.0"/>
  <testcase name="testGetCategory_Obese" classname="org.example.TestWeightHelper" time="0.0"/>
  <testcase name="testGetCategory_Normal" classname="org.example.TestWeightHelper" time="0.0"/>
  <testcase name="testGetCategory_Overweight" classname="org.example.TestWeightHelper" time="0.0"/>
  <testcase name="testCalculateBMI_Maximum" classname="org.example.TestWeightHelper" time="0.0"/>
  <testcase name="testCalculateBMI_Minimum" classname="org.example.TestWeightHelper" time="0.0"/>
  <testcase name="testCalculateBMI_JustAboveMinimum" classname="org.example.TestWeightHelper" time="0.0"/>
  <testcase name="testCalculateBMI_JustBelowMaximum" classname="org.example.TestWeightHelper" time="0.0"/>
  <system-out><![CDATA[]]></system-out>
  <system-err><![CDATA[]]></system-err>
</testsuite>
