<?xml version="1.0" encoding="UTF-8"?>
<testsuite name="org.example.WeightHelper_ESTest" tests="16" skipped="0" failures="0" errors="0" timestamp="2024-07-03T22:08:48" hostname="LAPTOP-NAJHIE92" time="0.06">
  <properties/>
  <testcase name="test09" classname="org.example.WeightHelper_ESTest" time="0.018"/>
  <testcase name="test08" classname="org.example.WeightHelper_ESTest" time="0.002"/>
  <testcase name="test07" classname="org.example.WeightHelper_ESTest" time="0.002"/>
  <testcase name="test06" classname="org.example.WeightHelper_ESTest" time="0.005"/>
  <testcase name="test05" classname="org.example.WeightHelper_ESTest" time="0.002"/>
  <testcase name="test04" classname="org.example.WeightHelper_ESTest" time="0.002"/>
  <testcase name="test15" classname="org.example.WeightHelper_ESTest" time="0.006"/>
  <testcase name="test03" classname="org.example.WeightHelper_ESTest" time="0.002"/>
  <testcase name="test14" classname="org.example.WeightHelper_ESTest" time="0.003"/>
  <testcase name="test02" classname="org.example.WeightHelper_ESTest" time="0.003"/>
  <testcase name="test13" classname="org.example.WeightHelper_ESTest" time="0.003"/>
  <testcase name="test01" classname="org.example.WeightHelper_ESTest" time="0.003"/>
  <testcase name="test12" classname="org.example.WeightHelper_ESTest" time="0.002"/>
  <testcase name="test00" classname="org.example.WeightHelper_ESTest" time="0.001"/>
  <testcase name="test11" classname="org.example.WeightHelper_ESTest" time="0.002"/>
  <testcase name="test10" classname="org.example.WeightHelper_ESTest" time="0.002"/>
  <system-out><![CDATA[00:08:47.384 [Test worker] INFO  o.e.r.instrumentation.EvoClassLoader - Seeing class for first time: org.example.WeightHelper_ESTest
00:08:47.391 [Test worker] INFO  o.e.r.instrumentation.EvoClassLoader - Instrumenting class 'org.example.WeightHelper_ESTest'.
00:08:47.462 [Test worker] INFO  o.e.r.instrumentation.EvoClassLoader - Seeing class for first time: org.example.WeightHelper_ESTest_scaffolding
00:08:47.463 [Test worker] INFO  o.e.r.instrumentation.EvoClassLoader - Instrumenting class 'org.example.WeightHelper_ESTest_scaffolding'.
00:08:47.466 [Test worker] INFO  o.e.r.instrumentation.EvoClassLoader - Keeping class: org.example.WeightHelper_ESTest_scaffolding
00:08:47.467 [Test worker] INFO  o.e.r.instrumentation.EvoClassLoader - Keeping class: org.example.WeightHelper_ESTest
00:08:47.776 [Test worker] DEBUG o.e.runtime.sandbox.MSecurityManager - Adding privileged thread: "Reference Handler"
00:08:47.776 [Test worker] DEBUG o.e.runtime.sandbox.MSecurityManager - Adding privileged thread: "Finalizer"
00:08:47.776 [Test worker] DEBUG o.e.runtime.sandbox.MSecurityManager - Adding privileged thread: "Signal Dispatcher"
00:08:47.777 [Test worker] DEBUG o.e.runtime.sandbox.MSecurityManager - Adding privileged thread: "Attach Listener"
00:08:47.777 [Test worker] DEBUG o.e.runtime.sandbox.MSecurityManager - Adding privileged thread: "Java2D Disposer"
00:08:47.777 [Test worker] DEBUG o.e.runtime.sandbox.MSecurityManager - Adding privileged thread: "AWT-Shutdown"
00:08:47.777 [Test worker] DEBUG o.e.runtime.sandbox.MSecurityManager - Adding privileged thread: "AWT-Windows"
00:08:47.777 [Test worker] DEBUG o.e.runtime.sandbox.MSecurityManager - Adding privileged thread: "Test worker"
00:08:47.777 [Test worker] DEBUG o.e.runtime.sandbox.MSecurityManager - Adding privileged thread: "/127.0.0.1:62310 to /127.0.0.1:62309 workers"
00:08:47.777 [Test worker] DEBUG o.e.runtime.sandbox.MSecurityManager - Adding privileged thread: "/127.0.0.1:62310 to /127.0.0.1:62309 workers Thread 2"
00:08:47.777 [Test worker] DEBUG o.e.runtime.sandbox.MSecurityManager - Adding privileged thread: "/127.0.0.1:62310 to /127.0.0.1:62309 workers Thread 3"
00:08:47.903 [Test worker] INFO  o.e.r.instrumentation.EvoClassLoader - Seeing class for first time: org.example.WeightHelper
00:08:47.903 [Test worker] INFO  o.e.r.instrumentation.EvoClassLoader - Instrumenting class 'org.example.WeightHelper'.
00:08:47.935 [Test worker] INFO  o.e.r.i.MethodCallReplacementClassAdapter - Adding mock interface to class org/example/WeightHelper
00:08:48.311 [Test worker] INFO  o.e.r.i.CreateClassResetClassAdapter - Found static initializer in class org/example/WeightHelper
00:08:48.312 [Test worker] INFO  o.e.r.instrumentation.EvoClassLoader - Keeping class: org.example.WeightHelper
]]></system-out>
  <system-err><![CDATA[]]></system-err>
</testsuite>
